Building test executable...
clang -Werror test.c execute.c compile.c -o test.exe
Running tests...
./test.exe
tuffc_temp_13977.c:1:2: error: "Invalid numeric literal or type overflow"
    1 | #error "Invalid numeric literal or type overflow"
      |  ^
1 error generated.
tuffc_temp_31673.c:1:2: error: "Invalid numeric literal or type overflow"
    1 | #error "Invalid numeric literal or type overflow"
      |  ^
1 error generated.
tuffc_temp_5021.c:1:2: error: "Invalid numeric literal or type overflow"
    1 | #error "Invalid numeric literal or type overflow"
      |  ^
1 error generated.
tuffc_temp_26924.c:1:2: error: "Invalid numeric literal or type overflow"
    1 | #error "Invalid numeric literal or type overflow"
      |  ^
1 error generated.
tuffc_temp_6270.c:1:2: error: "Invalid numeric literal or type overflow"
    1 | #error "Invalid numeric literal or type overflow"
      |  ^
1 error generated.
tuffc_temp_26777.c:1:2: error: "Invalid numeric literal or type overflow"
    1 | #error "Invalid numeric literal or type overflow"
      |  ^
1 error generated.
tuffc_temp_5097.c:1:2: error: "Invalid numeric literal or type overflow"
    1 | #error "Invalid numeric literal or type overflow"
      |  ^
1 error generated.
tuffc_temp_23986.c:1:2: error: "Invalid numeric literal or type overflow"
    1 | #error "Invalid numeric literal or type overflow"
      |  ^
1 error generated.
tuffc_temp_9161.c:1:2: error: "Invalid numeric literal or type overflow"
    1 | #error "Invalid numeric literal or type overflow"
      |  ^
1 error generated.
tuffc_temp_22355.c:1:2: error: "Invalid numeric literal or type overflow"
    1 | #error "Invalid numeric literal or type overflow"
      |  ^
1 error generated.
tuffc_temp_23655.c:1:2: error: "Invalid numeric literal or type overflow"
    1 | #error "Invalid numeric literal or type overflow"
      |  ^
1 error generated.
tuffc_temp_4031.c:1:2: error: "Invalid numeric literal or type overflow"
    1 | #error "Invalid numeric literal or type overflow"
      |  ^
1 error generated.
tuffc_temp_27350.c:1:2: error: "Invalid numeric literal or type overflow"
    1 | #error "Invalid numeric literal or type overflow"
      |  ^
1 error generated.
tuffc_temp_16941.c:1:2: error: "Invalid numeric literal or type overflow"
    1 | #error "Invalid numeric literal or type overflow"
      |  ^
1 error generated.
tuffc_temp_13966.c:1:2: error: "Invalid numeric literal or type overflow"
    1 | #error "Invalid numeric literal or type overflow"
      |  ^
1 error generated.
tuffc_temp_31107.c:1:2: error: "Invalid numeric literal or type overflow"
    1 | #error "Invalid numeric literal or type overflow"
      |  ^
1 error generated.
tuffc_temp_18007.c:1:2: error: "Invalid numeric literal or type overflow"
    1 | #error "Invalid numeric literal or type overflow"
      |  ^
1 error generated.
tuffc_temp_15457.c:1:2: error: "Invalid numeric literal or type overflow"
    1 | #error "Invalid numeric literal or type overflow"
      |  ^
1 error generated.
tuffc_temp_27753.c:1:2: error: "Invalid numeric literal or type overflow"
    1 | #error "Invalid numeric literal or type overflow"
      |  ^
1 error generated.
tuffc_temp_14945.c:1:2: error: "Invalid numeric literal or type overflow"
    1 | #error "Invalid numeric literal or type overflow"
      |  ^
1 error generated.
tuffc_temp_32209.c:1:2: error: "Invalid numeric literal or type overflow"
    1 | #error "Invalid numeric literal or type overflow"
      |  ^
1 error generated.
tuffc_temp_24221.c:1:2: error: "Invalid numeric literal or type overflow"
    1 | #error "Invalid numeric literal or type overflow"
      |  ^
1 error generated.
tuffc_temp_6422.c:1:2: error: "Invalid numeric literal or type overflow"
    1 | #error "Invalid numeric literal or type overflow"
      |  ^
1 error generated.
tuffc_temp_27506.c:1:2: error: "Invalid numeric literal or type overflow"
    1 | #error "Invalid numeric literal or type overflow"
      |  ^
1 error generated.
tuffc_temp_16413.c:1:2: error: "Invalid numeric literal or type overflow"
    1 | #error "Invalid numeric literal or type overflow"
      |  ^
1 error generated.
tuffc_temp_900.c:1:2: error: "Invalid numeric literal or type overflow"
    1 | #error "Invalid numeric literal or type overflow"
      |  ^
1 error generated.
tuffc_temp_18762.c:1:2: error: "Invalid numeric literal or type overflow"
    1 | #error "Invalid numeric literal or type overflow"
      |  ^
1 error generated.
tuffc_temp_17410.c:1:2: error: "Invalid numeric literal or type overflow"
    1 | #error "Invalid numeric literal or type overflow"
      |  ^
1 error generated.
Γ£ô Test passed: execute("") == 0
Γ£ô Test passed: execute("0U8") == 0
Γ£ô Test passed: execute("1U8") == 1
Γ£ô Test passed: execute("100U8") == 100
Γ£ô Test passed: execute("255U8") == 255
Γ£ô Test passed: execute("-128I8") == -128
Γ£ô Test passed: execute("-50I8") == -50
Γ£ô Test passed: execute("0I8") == 0
Γ£ô Test passed: execute("127I8") == 127
Γ£ô Test passed: execute("256U16") == 256
Γ£ô Test passed: execute("65535U16") == 65535
Γ£ô Test passed: execute("-32768I16") == -32768
Γ£ô Test passed: execute("32767I16") == 32767
Γ£ô Test passed: execute("0U8 + 0U8") == 0
Γ£ô Test passed: execute("1U8 + 1U8") == 2
Γ£ô Test passed: execute("5U8 + 10U8") == 15
Γ£ô Test passed: execute("100U8 + 100U8") == 200
Γ£ô Test passed: execute("255U8 + 0U8") == 255
Γ£ô Test passed: execute("-5I8 + 3I8") == -2
Γ£ô Test passed: execute("0I8 + 0I8") == 0
Γ£ô Test passed: execute("10U16 + 20U16") == 30
Γ£ô Test passed: execute("5U8 - 2U8") == 3
Γ£ô Test passed: execute("10U8 - 10U8") == 0
Γ£ô Test passed: execute("255U8 - 100U8") == 155
Γ£ô Test passed: execute("100I8 - 50I8") == 50
Γ£ô Test passed: execute("-10I8 - 5I8") == -15
Γ£ô Test passed: execute("2U8 * 3U8") == 6
Γ£ô Test passed: execute("10U8 * 10U8") == 100
Γ£ô Test passed: execute("0U8 * 255U8") == 0
Γ£ô Test passed: execute("1U8 * 127U8") == 127
Γ£ô Test passed: execute("3I8 * -4I8") == -12
Γ£ô Test passed: execute("10U8 / 2U8") == 5
Γ£ô Test passed: execute("100U8 / 10U8") == 10
Γ£ô Test passed: execute("255U8 / 1U8") == 255
Γ£ô Test passed: execute("0U8 / 1U8") == 0
Γ£ô Test passed: execute("12I8 / 3I8") == 4
Γ£ô Test passed: execute("-20I8 / 5I8") == -4
Γ£ô Test passed: execute("10U8 % 3U8") == 1
Γ£ô Test passed: execute("20U8 % 7U8") == 6
Γ£ô Test passed: execute("100U8 % 10U8") == 0
Γ£ô Test passed: execute("5U8 % 2U8") == 1
Γ£ô Test passed: execute("2U8 + 3U8 * 4U8") == 14
Γ£ô Test passed: execute("2U8 * 3U8 + 4U8") == 10
Γ£ô Test passed: execute("10U8 - 2U8 / 2U8") == 9
Γ£ô Test passed: execute("100U8 / 10U8 * 2U8") == 20
Γ£ô Test passed: execute("(2U8 + 3U8) * 4U8") == 20
Γ£ô Test passed: execute("(10U8 - 5U8) / 5U8") == 1
Γ£ô Test passed: execute("2U8 * (3U8 + 4U8)") == 14
Γ£ô Test passed: execute("((5U8 + 5U8) * 2U8)") == 20
Γ£ô Test passed: execute("1U8 + 256U16") == 257
Γ£ô Test passed: execute("255U8 + 1U16") == 256
Γ£ô Test passed: execute("100I8 + 200I16") == 300
Γ£ô Test passed: execute("10U8 / 2U16") == 5
Γ£ô Test passed: execute("256U8") produces compile error
Γ£ô Test passed: execute("300U8") produces compile error
Γ£ô Test passed: execute("-1U8") produces compile error
Γ£ô Test passed: execute("128I8") produces compile error
Γ£ô Test passed: execute("-129I8") produces compile error
Γ£ô Test passed: execute("100X8") produces compile error
Γ£ô Test passed: execute("50Y16") produces compile error
Γ£ô Test passed: execute("U8") produces compile error
Γ£ô Test passed: execute("100") produces compile error
Γ£ô Test passed: execute("255U8 + 1U8") produces compile error
Γ£ô Test passed: execute("200U8 + 100U8") produces compile error
Γ£ô Test passed: execute("255U8 * 2U8") produces compile error
Γ£ô Test passed: execute("128I8 + 1I8") produces compile error
Γ£ô Test passed: execute("-128I8 - 1I8") produces compile error
Γ£ô Test passed: execute("127I8 * 2I8") produces compile error
Γ£ô Test passed: execute("5U8 / 0U8") produces compile error
Γ£ô Test passed: execute("100U16 / 0U16") produces compile error
Γ£ô Test passed: execute("-10I8 / 0I8") produces compile error
Γ£ô Test passed: execute("0U8 / 0U8") produces compile error
Γ£ô Test passed: execute("2U8 + ") produces compile error
Γ£ô Test passed: execute("+ 3U8") produces compile error
Γ£ô Test passed: execute("2U8 ++ 3U8") produces compile error
Γ£ô Test passed: execute("(2U8 + 3U8") produces compile error
Γ£ô Test passed: execute("2U8 + 3U8)") produces compile error
Γ£ô Test passed: execute("2U8 + * 3U8") produces compile error
Γ£ô Test passed: execute("2 U8 + 3 U8") produces compile error
Γ£ô Test passed: execute("let x = 100U8; x:100") produces compile error
tuffc_temp_27624.c:1:2: error: "Invalid numeric literal or type overflow"
    1 | #error "Invalid numeric literal or type overflow"
      |  ^
1 error generated.
tuffc_temp_21548.c:1:2: error: "Invalid numeric literal or type overflow"
    1 | #error "Invalid numeric literal or type overflow"
      |  ^
1 error generated.
tuffc_temp_27595.c:1:2: error: "Invalid numeric literal or type overflow"
    1 | #error "Invalid numeric literal or type overflow"
      |  ^
1 error generated.
tuffc_temp_3602.c:1:2: error: "Invalid numeric literal or type overflow"
    1 | #error "Invalid numeric literal or type overflow"
      |  ^
1 error generated.
tuffc_temp_10291.c:1:2: error: "Invalid numeric literal or type overflow"
    1 | #error "Invalid numeric literal or type overflow"
      |  ^
1 error generated.
tuffc_temp_9374.c:1:2: error: "Invalid numeric literal or type overflow"
    1 | #error "Invalid numeric literal or type overflow"
      |  ^
1 error generated.
tuffc_temp_4596.c:1:2: error: "Invalid numeric literal or type overflow"
    1 | #error "Invalid numeric literal or type overflow"
      |  ^
1 error generated.
tuffc_temp_27348.c:1:2: error: "Invalid numeric literal or type overflow"
    1 | #error "Invalid numeric literal or type overflow"
      |  ^
1 error generated.
tuffc_temp_19668.c:1:2: error: "Invalid numeric literal or type overflow"
    1 | #error "Invalid numeric literal or type overflow"
      |  ^
1 error generated.
tuffc_temp_8281.c:1:2: error: "Invalid numeric literal or type overflow"
    1 | #error "Invalid numeric literal or type overflow"
      |  ^
1 error generated.
tuffc_temp_53.c:1:2: error: "Invalid numeric literal or type overflow"
    1 | #error "Invalid numeric literal or type overflow"
      |  ^
1 error generated.
tuffc_temp_26418.c:1:2: error: "Invalid numeric literal or type overflow"
    1 | #error "Invalid numeric literal or type overflow"
      |  ^
1 error generated.
tuffc_temp_6900.c:1:2: error: "Invalid numeric literal or type overflow"
    1 | #error "Invalid numeric literal or type overflow"
      |  ^
1 error generated.
tuffc_temp_18127.c:1:2: error: "Invalid numeric literal or type overflow"
    1 | #error "Invalid numeric literal or type overflow"
      |  ^
1 error generated.
tuffc_temp_3728.c:1:2: error: "Invalid numeric literal or type overflow"
    1 | #error "Invalid numeric literal or type overflow"
      |  ^
1 error generated.
tuffc_temp_24648.c:1:2: error: "Invalid numeric literal or type overflow"
    1 | #error "Invalid numeric literal or type overflow"
      |  ^
1 error generated.
tuffc_temp_17807.c:1:2: error: "Invalid numeric literal or type overflow"
    1 | #error "Invalid numeric literal or type overflow"
      |  ^
1 error generated.
tuffc_temp_14310.c:1:2: error: "Invalid numeric literal or type overflow"
    1 | #error "Invalid numeric literal or type overflow"
      |  ^
1 error generated.
tuffc_temp_22813.c:1:2: error: "Invalid numeric literal or type overflow"
    1 | #error "Invalid numeric literal or type overflow"
      |  ^
1 error generated.
tuffc_temp_14309.c:1:2: error: "Invalid numeric literal or type overflow"
    1 | #error "Invalid numeric literal or type overflow"
      |  ^
1 error generated.
tuffc_temp_18935.c:1:2: error: "Invalid numeric literal or type overflow"
    1 | #error "Invalid numeric literal or type overflow"
      |  ^
1 error generated.
tuffc_temp_20600.c:1:2: error: "Invalid numeric literal or type overflow"
    1 | #error "Invalid numeric literal or type overflow"
      |  ^
1 error generated.
tuffc_temp_16519.c:1:2: error: "Invalid numeric literal or type overflow"
    1 | #error "Invalid numeric literal or type overflow"
      |  ^
1 error generated.
tuffc_temp_22798.c:1:2: error: "Invalid numeric literal or type overflow"
    1 | #error "Invalid numeric literal or type overflow"
      |  ^
1 error generated.
tuffc_temp_6224.c:1:2: error: "Invalid numeric literal or type overflow"
    1 | #error "Invalid numeric literal or type overflow"
      |  ^
1 error generated.
tuffc_temp_5844.c:1:2: error: "Invalid numeric literal or type overflow"
    1 | #error "Invalid numeric literal or type overflow"
      |  ^
1 error generated.
tuffc_temp_14989.c:1:2: error: "Invalid numeric literal or type overflow"
    1 | #error "Invalid numeric literal or type overflow"
      |  ^
1 error generated.
tuffc_temp_3195.c:1:2: error: "Invalid numeric literal or type overflow"
    1 | #error "Invalid numeric literal or type overflow"
      |  ^
1 error generated.
tuffc_temp_3093.c:1:2: error: "Invalid numeric literal or type overflow"
    1 | #error "Invalid numeric literal or type overflow"
      |  ^
1 error generated.
tuffc_temp_30523.c:1:2: error: "Invalid numeric literal or type overflow"
    1 | #error "Invalid numeric literal or type overflow"
      |  ^
1 error generated.
tuffc_temp_29314.c:1:2: error: "Invalid numeric literal or type overflow"
    1 | #error "Invalid numeric literal or type overflow"
      |  ^
1 error generated.
tuffc_temp_7448.c:1:2: error: "Invalid numeric literal or type overflow"
    1 | #error "Invalid numeric literal or type overflow"
      |  ^
1 error generated.
tuffc_temp_13458.c:1:2: error: "Invalid numeric literal or type overflow"
    1 | #error "Invalid numeric literal or type overflow"
      |  ^
1 error generated.
tuffc_temp_20580.c:1:2: error: "Invalid numeric literal or type overflow"
    1 | #error "Invalid numeric literal or type overflow"
      |  ^
1 error generated.
tuffc_temp_14798.c:1:2: error: "Invalid numeric literal or type overflow"
    1 | #error "Invalid numeric literal or type overflow"
      |  ^
1 error generated.
tuffc_temp_19589.c:1:2: error: "Invalid numeric literal or type overflow"
    1 | #error "Invalid numeric literal or type overflow"
      |  ^
1 error generated.
tuffc_temp_28009.c:1:2: error: "Invalid numeric literal or type overflow"
    1 | #error "Invalid numeric literal or type overflow"
      |  ^
1 error generated.
tuffc_temp_20472.c:1:2: error: "Invalid numeric literal or type overflow"
    1 | #error "Invalid numeric literal or type overflow"
      |  ^
1 error generated.
tuffc_temp_18538.c:1:2: error: "Invalid numeric literal or type overflow"
    1 | #error "Invalid numeric literal or type overflow"
      |  ^
1 error generated.
tuffc_temp_6038.c:1:2: error: "Invalid numeric literal or type overflow"
    1 | #error "Invalid numeric literal or type overflow"
      |  ^
1 error generated.
Γ£ô Test passed: execute("let x = 0U8; x:0") produces compile error
Γ£ô Test passed: execute("let x = 255U8; x:255") produces compile error
Γ£ô Test passed: execute("let x = 50U16; x:50") produces compile error
Γ£ô Test passed: execute("let x = -100I16; x:-100") produces compile error
Γ£ô Test passed: execute("let x : U8 = 100U8; x:100") produces compile error
Γ£ô Test passed: execute("let y : U16 = 256U16; y:256") produces compile error
Γ£ô Test passed: execute("let z : I8 = -50I8; z:-50") produces compile error
Γ£ô Test passed: execute("let w : I16 = 1000I16; w:1000") produces compile error
Γ£ô Test passed: execute("let x = 10U8; x + 5U8:15") produces compile error
Γ£ô Test passed: execute("let x = 100U8; x - 50U8:50") produces compile error
Γ£ô Test passed: execute("let x = 5U8; x * 6U8:30") produces compile error
Γ£ô Test passed: execute("let x = 20U8; x / 4U8:5") produces compile error
Γ£ô Test passed: execute("let x = 10U8; x % 3U8:1") produces compile error
Γ£ô Test passed: execute("let x = 10U8; let y = 20U8; x + y:30") produces compile error
Γ£ô Test passed: execute("let a = 5U8; let b = 15U8; let c = 10U8; a + b - c:10") produces compile error
Γ£ô Test passed: execute("let x = 100U16; let y = 50U16; x - y:50") produces compile error
Γ£ô Test passed: execute("{ 100U8 }:100") produces compile error
Γ£ô Test passed: execute("{ 50U8 + 50U8 }:100") produces compile error
Γ£ô Test passed: execute("{ let x = 100U8; x }:100") produces compile error
Γ£ô Test passed: execute("{ let x = 100U8; x + 10U8 }:110") produces compile error
Γ£ô Test passed: execute("{ let x = 5U8; let y = 10U8; x * y }:50") produces compile error
Γ£ô Test passed: execute("{ { 100U8 } }:100") produces compile error
Γ£ô Test passed: execute("{ let x = 100U8; { x } }:100") produces compile error
Γ£ô Test passed: execute("{ let x = 100U8; { x + 10U8 } }:110") produces compile error
Γ£ô Test passed: execute("{ let x = 50U8; { let y = 100U8; x + y } }:150") produces compile error
Γ£ô Test passed: execute("let x = { 100U8 }; x:100") produces compile error
Γ£ô Test passed: execute("let x = { 50U8 + 50U8 }; x:100") produces compile error
Γ£ô Test passed: execute("let x = { let y = 100U8; y }; x:100") produces compile error
Γ£ô Test passed: execute("x") produces compile error
Γ£ô Test passed: execute("y") produces compile error
Γ£ô Test passed: execute("z") produces compile error
Γ£ô Test passed: execute("a + b") produces compile error
Γ£ô Test passed: execute("let x = 10U8; let x = 20U8;") produces compile error
Γ£ô Test passed: execute("let x = 100U16; let x = 50U16;") produces compile error
Γ£ô Test passed: execute("let a = 5U8; let b = 10U8; let a = 15U8;") produces compile error
Γ£ô Test passed: execute("{ let x = 100U8; x }; x") produces compile error
Γ£ô Test passed: execute("let x = 10U8; { let y = 20U8; } y") produces compile error
Γ£ô Test passed: execute("{ let a = 50U8; } a + 10U8") produces compile error
Γ£ô Test passed: execute("let x : U8 = 1000U16;") produces compile error
Γ£ô Test passed: execute("let y : U8 = 300U8;") produces compile error
Γ£ô Test passed: execute("let x : I8 = 200I8;") produces compile error

Γ£ôΓ£ôΓ£ô All 121 tests passed! Γ£ôΓ£ôΓ£ô
